[10.288s] Invoking command in '/home/ubuntu/kelompok1/src/delivery_notifier': PYTHONPATH=/home/ubuntu/kelompok1/build/delivery_notifier/prefix_override:/usr/lib/python3/dist-packages/colcon_core/task/python/colcon_distutils_commands:/home/ubuntu/kelompok1/install/delivery_notifier/lib/python3.12/site-packages:${PYTHONPATH} /usr/bin/python3 -W ignore:setup.py install is deprecated -W ignore:easy_install command is deprecated setup.py egg_info --egg-base ../../build/delivery_notifier build --build-base /home/ubuntu/kelompok1/build/delivery_notifier/build install --record /home/ubuntu/kelompok1/build/delivery_notifier/install.log --single-version-externally-managed install_data
[13.389s] running egg_info
[13.638s] writing ../../build/delivery_notifier/delivery_notifier.egg-info/PKG-INFO
[13.642s] writing dependency_links to ../../build/delivery_notifier/delivery_notifier.egg-info/dependency_links.txt
[13.644s] writing entry points to ../../build/delivery_notifier/delivery_notifier.egg-info/entry_points.txt
[13.648s] writing requirements to ../../build/delivery_notifier/delivery_notifier.egg-info/requires.txt
[13.651s] writing top-level names to ../../build/delivery_notifier/delivery_notifier.egg-info/top_level.txt
[14.093s] reading manifest file '../../build/delivery_notifier/delivery_notifier.egg-info/SOURCES.txt'
[14.102s] writing manifest file '../../build/delivery_notifier/delivery_notifier.egg-info/SOURCES.txt'
[14.107s] running build
[14.108s] running build_py
[14.109s] running install
[14.157s] running install_lib
[14.422s] running install_data
[14.422s] running install_egg_info
[14.663s] removing '/home/ubuntu/kelompok1/install/delivery_notifier/lib/python3.12/site-packages/delivery_notifier-0.0.0-py3.12.egg-info' (and everything under it)
[14.668s] Copying ../../build/delivery_notifier/delivery_notifier.egg-info to /home/ubuntu/kelompok1/install/delivery_notifier/lib/python3.12/site-packages/delivery_notifier-0.0.0-py3.12.egg-info
[14.688s] running install_scripts
[16.536s] Installing delivery_notifier script to /home/ubuntu/kelompok1/install/delivery_notifier/lib/delivery_notifier
[16.543s] writing list of installed files to '/home/ubuntu/kelompok1/build/delivery_notifier/install.log'
[16.793s] Invoked command in '/home/ubuntu/kelompok1/src/delivery_notifier' returned '0': PYTHONPATH=/home/ubuntu/kelompok1/build/delivery_notifier/prefix_override:/usr/lib/python3/dist-packages/colcon_core/task/python/colcon_distutils_commands:/home/ubuntu/kelompok1/install/delivery_notifier/lib/python3.12/site-packages:${PYTHONPATH} /usr/bin/python3 -W ignore:setup.py install is deprecated -W ignore:easy_install command is deprecated setup.py egg_info --egg-base ../../build/delivery_notifier build --build-base /home/ubuntu/kelompok1/build/delivery_notifier/build install --record /home/ubuntu/kelompok1/build/delivery_notifier/install.log --single-version-externally-managed install_data
