[10.102s] Invoking command in '/home/ubuntu/kelompok1/src/uts': PYTHONPATH=/home/ubuntu/kelompok1/build/uts/prefix_override:/usr/lib/python3/dist-packages/colcon_core/task/python/colcon_distutils_commands:/home/ubuntu/kelompok1/install/uts/lib/python3.12/site-packages:${PYTHONPATH} /usr/bin/python3 -W ignore:setup.py install is deprecated -W ignore:easy_install command is deprecated setup.py egg_info --egg-base ../../build/uts build --build-base /home/ubuntu/kelompok1/build/uts/build install --record /home/ubuntu/kelompok1/build/uts/install.log --single-version-externally-managed install_data
[13.160s] running egg_info
[13.391s] writing ../../build/uts/uts.egg-info/PKG-INFO
[13.396s] writing dependency_links to ../../build/uts/uts.egg-info/dependency_links.txt
[13.397s] writing entry points to ../../build/uts/uts.egg-info/entry_points.txt
[13.399s] writing requirements to ../../build/uts/uts.egg-info/requires.txt
[13.402s] writing top-level names to ../../build/uts/uts.egg-info/top_level.txt
[14.039s] reading manifest file '../../build/uts/uts.egg-info/SOURCES.txt'
[14.043s] writing manifest file '../../build/uts/uts.egg-info/SOURCES.txt'
[14.044s] running build
[14.045s] running build_py
[14.046s] copying uts/uts.py -> /home/ubuntu/kelompok1/build/uts/build/lib/uts
[14.053s] running install
[14.099s] running install_lib
[14.349s] copying /home/ubuntu/kelompok1/build/uts/build/lib/uts/uts.py -> /home/ubuntu/kelompok1/install/uts/lib/python3.12/site-packages/uts
[14.360s] byte-compiling /home/ubuntu/kelompok1/install/uts/lib/python3.12/site-packages/uts/uts.py to uts.cpython-312.pyc
[14.369s] running install_data
[14.370s] running install_egg_info
[14.646s] removing '/home/ubuntu/kelompok1/install/uts/lib/python3.12/site-packages/uts-0.0.0-py3.12.egg-info' (and everything under it)
[14.650s] Copying ../../build/uts/uts.egg-info to /home/ubuntu/kelompok1/install/uts/lib/python3.12/site-packages/uts-0.0.0-py3.12.egg-info
[14.661s] running install_scripts
[16.423s] Installing uts script to /home/ubuntu/kelompok1/install/uts/lib/uts
[16.440s] writing list of installed files to '/home/ubuntu/kelompok1/build/uts/install.log'
[16.927s] Invoked command in '/home/ubuntu/kelompok1/src/uts' returned '0': PYTHONPATH=/home/ubuntu/kelompok1/build/uts/prefix_override:/usr/lib/python3/dist-packages/colcon_core/task/python/colcon_distutils_commands:/home/ubuntu/kelompok1/install/uts/lib/python3.12/site-packages:${PYTHONPATH} /usr/bin/python3 -W ignore:setup.py install is deprecated -W ignore:easy_install command is deprecated setup.py egg_info --egg-base ../../build/uts build --build-base /home/ubuntu/kelompok1/build/uts/build install --record /home/ubuntu/kelompok1/build/uts/install.log --single-version-externally-managed install_data
