[4.888s] Invoking command in '/home/ubuntu/kelompok1/src/delivery_notifier': PYTHONPATH=/home/ubuntu/kelompok1/build/delivery_notifier/prefix_override:/usr/lib/python3/dist-packages/colcon_core/task/python/colcon_distutils_commands:/home/ubuntu/kelompok1/install/delivery_notifier/lib/python3.12/site-packages:${PYTHONPATH} /usr/bin/python3 -W ignore:setup.py install is deprecated -W ignore:easy_install command is deprecated setup.py egg_info --egg-base ../../build/delivery_notifier build --build-base /home/ubuntu/kelompok1/build/delivery_notifier/build install --record /home/ubuntu/kelompok1/build/delivery_notifier/install.log --single-version-externally-managed install_data
[6.566s] running egg_info
[6.701s] writing ../../build/delivery_notifier/delivery_notifier.egg-info/PKG-INFO
[6.702s] writing dependency_links to ../../build/delivery_notifier/delivery_notifier.egg-info/dependency_links.txt
[6.702s] writing requirements to ../../build/delivery_notifier/delivery_notifier.egg-info/requires.txt
[6.703s] writing top-level names to ../../build/delivery_notifier/delivery_notifier.egg-info/top_level.txt
[6.962s] reading manifest file '../../build/delivery_notifier/delivery_notifier.egg-info/SOURCES.txt'
[6.965s] writing manifest file '../../build/delivery_notifier/delivery_notifier.egg-info/SOURCES.txt'
[6.966s] running build
[6.966s] running build_py
[6.967s] copying delivery_notifier/delivery_notifier.py -> /home/ubuntu/kelompok1/build/delivery_notifier/build/lib/delivery_notifier
[6.968s] running install
[6.996s] running install_lib
[7.121s] copying /home/ubuntu/kelompok1/build/delivery_notifier/build/lib/delivery_notifier/delivery_notifier.py -> /home/ubuntu/kelompok1/install/delivery_notifier/lib/python3.12/site-packages/delivery_notifier
[7.123s] byte-compiling /home/ubuntu/kelompok1/install/delivery_notifier/lib/python3.12/site-packages/delivery_notifier/delivery_notifier.py to delivery_notifier.cpython-312.pyc
[7.126s] running install_data
[7.130s] running install_egg_info
[7.253s] removing '/home/ubuntu/kelompok1/install/delivery_notifier/lib/python3.12/site-packages/delivery_notifier-0.0.0-py3.12.egg-info' (and everything under it)
[7.255s] Copying ../../build/delivery_notifier/delivery_notifier.egg-info to /home/ubuntu/kelompok1/install/delivery_notifier/lib/python3.12/site-packages/delivery_notifier-0.0.0-py3.12.egg-info
[7.261s] running install_scripts
[8.131s] writing list of installed files to '/home/ubuntu/kelompok1/build/delivery_notifier/install.log'
[8.305s] Invoked command in '/home/ubuntu/kelompok1/src/delivery_notifier' returned '0': PYTHONPATH=/home/ubuntu/kelompok1/build/delivery_notifier/prefix_override:/usr/lib/python3/dist-packages/colcon_core/task/python/colcon_distutils_commands:/home/ubuntu/kelompok1/install/delivery_notifier/lib/python3.12/site-packages:${PYTHONPATH} /usr/bin/python3 -W ignore:setup.py install is deprecated -W ignore:easy_install command is deprecated setup.py egg_info --egg-base ../../build/delivery_notifier build --build-base /home/ubuntu/kelompok1/build/delivery_notifier/build install --record /home/ubuntu/kelompok1/build/delivery_notifier/install.log --single-version-externally-managed install_data
