[6.413s] Invoking command in '/home/ubuntu/kelompok1/src/uts': PYTHONPATH=/home/ubuntu/kelompok1/build/uts/prefix_override:/usr/lib/python3/dist-packages/colcon_core/task/python/colcon_distutils_commands:/home/ubuntu/kelompok1/install/uts/lib/python3.12/site-packages:${PYTHONPATH} /usr/bin/python3 -W ignore:setup.py install is deprecated -W ignore:easy_install command is deprecated setup.py egg_info --egg-base ../../build/uts build --build-base /home/ubuntu/kelompok1/build/uts/build install --record /home/ubuntu/kelompok1/build/uts/install.log --single-version-externally-managed install_data
[8.174s] running egg_info
[8.175s] creating ../../build/uts/uts.egg-info
[8.302s] writing ../../build/uts/uts.egg-info/PKG-INFO
[8.309s] writing dependency_links to ../../build/uts/uts.egg-info/dependency_links.txt
[8.309s] writing entry points to ../../build/uts/uts.egg-info/entry_points.txt
[8.310s] writing requirements to ../../build/uts/uts.egg-info/requires.txt
[8.312s] writing top-level names to ../../build/uts/uts.egg-info/top_level.txt
[8.315s] writing manifest file '../../build/uts/uts.egg-info/SOURCES.txt'
[8.587s] reading manifest file '../../build/uts/uts.egg-info/SOURCES.txt'
[8.591s] writing manifest file '../../build/uts/uts.egg-info/SOURCES.txt'
[8.593s] running build
[8.593s] running build_py
[8.596s] creating /home/ubuntu/kelompok1/build/uts/build
[8.598s] creating /home/ubuntu/kelompok1/build/uts/build/lib
[8.599s] creating /home/ubuntu/kelompok1/build/uts/build/lib/uts
[8.600s] copying uts/uts.py -> /home/ubuntu/kelompok1/build/uts/build/lib/uts
[8.605s] copying uts/__init__.py -> /home/ubuntu/kelompok1/build/uts/build/lib/uts
[8.611s] running install
[8.640s] running install_lib
[8.774s] creating /home/ubuntu/kelompok1/install/uts/lib/python3.12/site-packages/uts
[8.775s] copying /home/ubuntu/kelompok1/build/uts/build/lib/uts/uts.py -> /home/ubuntu/kelompok1/install/uts/lib/python3.12/site-packages/uts
[8.778s] copying /home/ubuntu/kelompok1/build/uts/build/lib/uts/__init__.py -> /home/ubuntu/kelompok1/install/uts/lib/python3.12/site-packages/uts
[8.779s] byte-compiling /home/ubuntu/kelompok1/install/uts/lib/python3.12/site-packages/uts/uts.py to uts.cpython-312.pyc
[8.785s] byte-compiling /home/ubuntu/kelompok1/install/uts/lib/python3.12/site-packages/uts/__init__.py to __init__.cpython-312.pyc
[8.785s] running install_data
[8.786s] creating /home/ubuntu/kelompok1/install/uts/share/ament_index
[8.792s] creating /home/ubuntu/kelompok1/install/uts/share/ament_index/resource_index
[8.792s] creating /home/ubuntu/kelompok1/install/uts/share/ament_index/resource_index/packages
[8.793s] copying resource/uts -> /home/ubuntu/kelompok1/install/uts/share/ament_index/resource_index/packages
[8.794s] copying package.xml -> /home/ubuntu/kelompok1/install/uts/share/uts
[8.794s] running install_egg_info
[8.926s] Copying ../../build/uts/uts.egg-info to /home/ubuntu/kelompok1/install/uts/lib/python3.12/site-packages/uts-0.0.0-py3.12.egg-info
[8.935s] running install_scripts
[9.858s] Installing uts script to /home/ubuntu/kelompok1/install/uts/lib/uts
[9.863s] writing list of installed files to '/home/ubuntu/kelompok1/build/uts/install.log'
[10.180s] Invoked command in '/home/ubuntu/kelompok1/src/uts' returned '0': PYTHONPATH=/home/ubuntu/kelompok1/build/uts/prefix_override:/usr/lib/python3/dist-packages/colcon_core/task/python/colcon_distutils_commands:/home/ubuntu/kelompok1/install/uts/lib/python3.12/site-packages:${PYTHONPATH} /usr/bin/python3 -W ignore:setup.py install is deprecated -W ignore:easy_install command is deprecated setup.py egg_info --egg-base ../../build/uts build --build-base /home/ubuntu/kelompok1/build/uts/build install --record /home/ubuntu/kelompok1/build/uts/install.log --single-version-externally-managed install_data
