[6.277s] Invoking command in '/home/ubuntu/kelompok1/src/uts': PYTHONPATH=/home/ubuntu/kelompok1/build/uts/prefix_override:/usr/lib/python3/dist-packages/colcon_core/task/python/colcon_distutils_commands:/home/ubuntu/kelompok1/install/uts/lib/python3.12/site-packages:${PYTHONPATH} /usr/bin/python3 -W ignore:setup.py install is deprecated -W ignore:easy_install command is deprecated setup.py egg_info --egg-base ../../build/uts build --build-base /home/ubuntu/kelompok1/build/uts/build install --record /home/ubuntu/kelompok1/build/uts/install.log --single-version-externally-managed install_data
[7.712s] running egg_info
[7.818s] writing ../../build/uts/uts.egg-info/PKG-INFO
[7.822s] writing dependency_links to ../../build/uts/uts.egg-info/dependency_links.txt
[7.824s] writing entry points to ../../build/uts/uts.egg-info/entry_points.txt
[7.824s] writing requirements to ../../build/uts/uts.egg-info/requires.txt
[7.827s] writing top-level names to ../../build/uts/uts.egg-info/top_level.txt
[8.051s] reading manifest file '../../build/uts/uts.egg-info/SOURCES.txt'
[8.056s] writing manifest file '../../build/uts/uts.egg-info/SOURCES.txt'
[8.058s] running build
[8.058s] running build_py
[8.063s] running install
[8.092s] running install_lib
[8.201s] running install_data
[8.202s] running install_egg_info
[8.318s] removing '/home/ubuntu/kelompok1/install/uts/lib/python3.12/site-packages/uts-0.0.0-py3.12.egg-info' (and everything under it)
[8.323s] Copying ../../build/uts/uts.egg-info to /home/ubuntu/kelompok1/install/uts/lib/python3.12/site-packages/uts-0.0.0-py3.12.egg-info
[8.329s] running install_scripts
[9.092s] Installing uts script to /home/ubuntu/kelompok1/install/uts/lib/uts
[9.095s] writing list of installed files to '/home/ubuntu/kelompok1/build/uts/install.log'
[9.329s] Invoked command in '/home/ubuntu/kelompok1/src/uts' returned '0': PYTHONPATH=/home/ubuntu/kelompok1/build/uts/prefix_override:/usr/lib/python3/dist-packages/colcon_core/task/python/colcon_distutils_commands:/home/ubuntu/kelompok1/install/uts/lib/python3.12/site-packages:${PYTHONPATH} /usr/bin/python3 -W ignore:setup.py install is deprecated -W ignore:easy_install command is deprecated setup.py egg_info --egg-base ../../build/uts build --build-base /home/ubuntu/kelompok1/build/uts/build install --record /home/ubuntu/kelompok1/build/uts/install.log --single-version-externally-managed install_data
