[10.081s] Invoking command in '/home/ubuntu/kelompok1/src/uts': PYTHONPATH=/home/ubuntu/kelompok1/build/uts/prefix_override:/usr/lib/python3/dist-packages/colcon_core/task/python/colcon_distutils_commands:/home/ubuntu/kelompok1/install/uts/lib/python3.12/site-packages:${PYTHONPATH} /usr/bin/python3 -W ignore:setup.py install is deprecated -W ignore:easy_install command is deprecated setup.py egg_info --egg-base ../../build/uts build --build-base /home/ubuntu/kelompok1/build/uts/build install --record /home/ubuntu/kelompok1/build/uts/install.log --single-version-externally-managed install_data
[13.201s] running egg_info
[13.457s] writing ../../build/uts/uts.egg-info/PKG-INFO
[13.464s] writing dependency_links to ../../build/uts/uts.egg-info/dependency_links.txt
[13.470s] writing entry points to ../../build/uts/uts.egg-info/entry_points.txt
[13.473s] writing requirements to ../../build/uts/uts.egg-info/requires.txt
[13.481s] writing top-level names to ../../build/uts/uts.egg-info/top_level.txt
[13.915s] reading manifest file '../../build/uts/uts.egg-info/SOURCES.txt'
[13.927s] writing manifest file '../../build/uts/uts.egg-info/SOURCES.txt'
[13.929s] running build
[13.930s] running build_py
[13.932s] copying uts/uts2.py -> /home/ubuntu/kelompok1/build/uts/build/lib/uts
[13.934s] running install
[13.987s] running install_lib
[14.267s] copying /home/ubuntu/kelompok1/build/uts/build/lib/uts/uts2.py -> /home/ubuntu/kelompok1/install/uts/lib/python3.12/site-packages/uts
[14.274s] byte-compiling /home/ubuntu/kelompok1/install/uts/lib/python3.12/site-packages/uts/uts2.py to uts2.cpython-312.pyc
[14.278s] running install_data
[14.290s] running install_egg_info
[14.542s] removing '/home/ubuntu/kelompok1/install/uts/lib/python3.12/site-packages/uts-0.0.0-py3.12.egg-info' (and everything under it)
[14.546s] Copying ../../build/uts/uts.egg-info to /home/ubuntu/kelompok1/install/uts/lib/python3.12/site-packages/uts-0.0.0-py3.12.egg-info
[14.561s] running install_scripts
[16.168s] Installing uts script to /home/ubuntu/kelompok1/install/uts/lib/uts
[16.177s] writing list of installed files to '/home/ubuntu/kelompok1/build/uts/install.log'
[16.570s] Invoked command in '/home/ubuntu/kelompok1/src/uts' returned '0': PYTHONPATH=/home/ubuntu/kelompok1/build/uts/prefix_override:/usr/lib/python3/dist-packages/colcon_core/task/python/colcon_distutils_commands:/home/ubuntu/kelompok1/install/uts/lib/python3.12/site-packages:${PYTHONPATH} /usr/bin/python3 -W ignore:setup.py install is deprecated -W ignore:easy_install command is deprecated setup.py egg_info --egg-base ../../build/uts build --build-base /home/ubuntu/kelompok1/build/uts/build install --record /home/ubuntu/kelompok1/build/uts/install.log --single-version-externally-managed install_data
