[5.005s] Invoking command in '/home/ubuntu/kelompok1/src/delivery_notifier': PYTHONPATH=/home/ubuntu/kelompok1/build/delivery_notifier/prefix_override:/usr/lib/python3/dist-packages/colcon_core/task/python/colcon_distutils_commands:/home/ubuntu/kelompok1/install/delivery_notifier/lib/python3.12/site-packages:${PYTHONPATH} /usr/bin/python3 -W ignore:setup.py install is deprecated -W ignore:easy_install command is deprecated setup.py egg_info --egg-base ../../build/delivery_notifier build --build-base /home/ubuntu/kelompok1/build/delivery_notifier/build install --record /home/ubuntu/kelompok1/build/delivery_notifier/install.log --single-version-externally-managed install_data
[6.600s] running egg_info
[6.602s] creating ../../build/delivery_notifier/delivery_notifier.egg-info
[6.712s] writing ../../build/delivery_notifier/delivery_notifier.egg-info/PKG-INFO
[6.713s] writing dependency_links to ../../build/delivery_notifier/delivery_notifier.egg-info/dependency_links.txt
[6.715s] writing requirements to ../../build/delivery_notifier/delivery_notifier.egg-info/requires.txt
[6.716s] writing top-level names to ../../build/delivery_notifier/delivery_notifier.egg-info/top_level.txt
[6.718s] writing manifest file '../../build/delivery_notifier/delivery_notifier.egg-info/SOURCES.txt'
[6.953s] reading manifest file '../../build/delivery_notifier/delivery_notifier.egg-info/SOURCES.txt'
[6.957s] writing manifest file '../../build/delivery_notifier/delivery_notifier.egg-info/SOURCES.txt'
[6.958s] running build
[6.959s] running build_py
[6.960s] creating /home/ubuntu/kelompok1/build/delivery_notifier/build
[6.960s] creating /home/ubuntu/kelompok1/build/delivery_notifier/build/lib
[6.961s] creating /home/ubuntu/kelompok1/build/delivery_notifier/build/lib/delivery_notifier
[6.961s] copying delivery_notifier/setup.py -> /home/ubuntu/kelompok1/build/delivery_notifier/build/lib/delivery_notifier
[6.962s] copying delivery_notifier/__init__.py -> /home/ubuntu/kelompok1/build/delivery_notifier/build/lib/delivery_notifier
[6.962s] running install
[6.991s] running install_lib
[7.114s] creating /home/ubuntu/kelompok1/install/delivery_notifier/lib/python3.12/site-packages/delivery_notifier
[7.116s] copying /home/ubuntu/kelompok1/build/delivery_notifier/build/lib/delivery_notifier/setup.py -> /home/ubuntu/kelompok1/install/delivery_notifier/lib/python3.12/site-packages/delivery_notifier
[7.116s] copying /home/ubuntu/kelompok1/build/delivery_notifier/build/lib/delivery_notifier/__init__.py -> /home/ubuntu/kelompok1/install/delivery_notifier/lib/python3.12/site-packages/delivery_notifier
[7.122s] byte-compiling /home/ubuntu/kelompok1/install/delivery_notifier/lib/python3.12/site-packages/delivery_notifier/setup.py to setup.cpython-312.pyc
[7.123s] byte-compiling /home/ubuntu/kelompok1/install/delivery_notifier/lib/python3.12/site-packages/delivery_notifier/__init__.py to __init__.cpython-312.pyc
[7.124s] running install_data
[7.124s] creating /home/ubuntu/kelompok1/install/delivery_notifier/share/ament_index
[7.125s] creating /home/ubuntu/kelompok1/install/delivery_notifier/share/ament_index/resource_index
[7.125s] creating /home/ubuntu/kelompok1/install/delivery_notifier/share/ament_index/resource_index/packages
[7.126s] copying resource/delivery_notifier -> /home/ubuntu/kelompok1/install/delivery_notifier/share/ament_index/resource_index/packages
[7.126s] copying package.xml -> /home/ubuntu/kelompok1/install/delivery_notifier/share/delivery_notifier
[7.127s] running install_egg_info
[7.305s] Copying ../../build/delivery_notifier/delivery_notifier.egg-info to /home/ubuntu/kelompok1/install/delivery_notifier/lib/python3.12/site-packages/delivery_notifier-0.0.0-py3.12.egg-info
[7.316s] running install_scripts
[8.252s] writing list of installed files to '/home/ubuntu/kelompok1/build/delivery_notifier/install.log'
[8.434s] Invoked command in '/home/ubuntu/kelompok1/src/delivery_notifier' returned '0': PYTHONPATH=/home/ubuntu/kelompok1/build/delivery_notifier/prefix_override:/usr/lib/python3/dist-packages/colcon_core/task/python/colcon_distutils_commands:/home/ubuntu/kelompok1/install/delivery_notifier/lib/python3.12/site-packages:${PYTHONPATH} /usr/bin/python3 -W ignore:setup.py install is deprecated -W ignore:easy_install command is deprecated setup.py egg_info --egg-base ../../build/delivery_notifier build --build-base /home/ubuntu/kelompok1/build/delivery_notifier/build install --record /home/ubuntu/kelompok1/build/delivery_notifier/install.log --single-version-externally-managed install_data
