[4.556s] Invoking command in '/home/ubuntu/kelompok1/src/delivery_notifier': PYTHONPATH=/home/ubuntu/kelompok1/build/delivery_notifier/prefix_override:/usr/lib/python3/dist-packages/colcon_core/task/python/colcon_distutils_commands:/home/ubuntu/kelompok1/install/delivery_notifier/lib/python3.12/site-packages:${PYTHONPATH} /usr/bin/python3 -W ignore:setup.py install is deprecated -W ignore:easy_install command is deprecated setup.py egg_info --egg-base ../../build/delivery_notifier build --build-base /home/ubuntu/kelompok1/build/delivery_notifier/build install --record /home/ubuntu/kelompok1/build/delivery_notifier/install.log --single-version-externally-managed install_data
[6.154s] running egg_info
[6.279s] writing ../../build/delivery_notifier/delivery_notifier.egg-info/PKG-INFO
[6.279s] writing dependency_links to ../../build/delivery_notifier/delivery_notifier.egg-info/dependency_links.txt
[6.282s] writing entry points to ../../build/delivery_notifier/delivery_notifier.egg-info/entry_points.txt
[6.284s] writing requirements to ../../build/delivery_notifier/delivery_notifier.egg-info/requires.txt
[6.285s] writing top-level names to ../../build/delivery_notifier/delivery_notifier.egg-info/top_level.txt
[6.535s] reading manifest file '../../build/delivery_notifier/delivery_notifier.egg-info/SOURCES.txt'
[6.540s] writing manifest file '../../build/delivery_notifier/delivery_notifier.egg-info/SOURCES.txt'
[6.542s] running build
[6.543s] running build_py
[6.544s] running install
[6.574s] running install_lib
[6.703s] running install_data
[6.703s] running install_egg_info
[6.831s] removing '/home/ubuntu/kelompok1/install/delivery_notifier/lib/python3.12/site-packages/delivery_notifier-0.0.0-py3.12.egg-info' (and everything under it)
[6.833s] Copying ../../build/delivery_notifier/delivery_notifier.egg-info to /home/ubuntu/kelompok1/install/delivery_notifier/lib/python3.12/site-packages/delivery_notifier-0.0.0-py3.12.egg-info
[6.842s] running install_scripts
[7.704s] Installing delivery_notifier script to /home/ubuntu/kelompok1/install/delivery_notifier/lib/delivery_notifier
[7.705s] writing list of installed files to '/home/ubuntu/kelompok1/build/delivery_notifier/install.log'
[7.892s] Invoked command in '/home/ubuntu/kelompok1/src/delivery_notifier' returned '0': PYTHONPATH=/home/ubuntu/kelompok1/build/delivery_notifier/prefix_override:/usr/lib/python3/dist-packages/colcon_core/task/python/colcon_distutils_commands:/home/ubuntu/kelompok1/install/delivery_notifier/lib/python3.12/site-packages:${PYTHONPATH} /usr/bin/python3 -W ignore:setup.py install is deprecated -W ignore:easy_install command is deprecated setup.py egg_info --egg-base ../../build/delivery_notifier build --build-base /home/ubuntu/kelompok1/build/delivery_notifier/build install --record /home/ubuntu/kelompok1/build/delivery_notifier/install.log --single-version-externally-managed install_data
