[10.413s] Invoking command in '/home/ubuntu/kelompok1/src/uts': PYTHONPATH=/home/ubuntu/kelompok1/build/uts/prefix_override:/usr/lib/python3/dist-packages/colcon_core/task/python/colcon_distutils_commands:/home/ubuntu/kelompok1/install/uts/lib/python3.12/site-packages:${PYTHONPATH} /usr/bin/python3 -W ignore:setup.py install is deprecated -W ignore:easy_install command is deprecated setup.py egg_info --egg-base ../../build/uts build --build-base /home/ubuntu/kelompok1/build/uts/build install --record /home/ubuntu/kelompok1/build/uts/install.log --single-version-externally-managed install_data
[13.491s] running egg_info
[13.780s] writing ../../build/uts/uts.egg-info/PKG-INFO
[13.784s] writing dependency_links to ../../build/uts/uts.egg-info/dependency_links.txt
[13.787s] writing entry points to ../../build/uts/uts.egg-info/entry_points.txt
[13.791s] writing requirements to ../../build/uts/uts.egg-info/requires.txt
[13.792s] writing top-level names to ../../build/uts/uts.egg-info/top_level.txt
[14.375s] reading manifest file '../../build/uts/uts.egg-info/SOURCES.txt'
[14.384s] writing manifest file '../../build/uts/uts.egg-info/SOURCES.txt'
[14.390s] running build
[14.392s] running build_py
[14.393s] copying uts/uts-1.py -> /home/ubuntu/kelompok1/build/uts/build/lib/uts
[14.393s] running install
[14.440s] running install_lib
[14.735s] copying /home/ubuntu/kelompok1/build/uts/build/lib/uts/uts-1.py -> /home/ubuntu/kelompok1/install/uts/lib/python3.12/site-packages/uts
[14.745s] byte-compiling /home/ubuntu/kelompok1/install/uts/lib/python3.12/site-packages/uts/uts-1.py to uts-1.cpython-312.pyc
[14.749s] running install_data
[14.751s] running install_egg_info
[15.019s] removing '/home/ubuntu/kelompok1/install/uts/lib/python3.12/site-packages/uts-0.0.0-py3.12.egg-info' (and everything under it)
[15.023s] Copying ../../build/uts/uts.egg-info to /home/ubuntu/kelompok1/install/uts/lib/python3.12/site-packages/uts-0.0.0-py3.12.egg-info
[15.048s] running install_scripts
[16.862s] Installing uts script to /home/ubuntu/kelompok1/install/uts/lib/uts
[16.866s] writing list of installed files to '/home/ubuntu/kelompok1/build/uts/install.log'
[17.135s] Invoked command in '/home/ubuntu/kelompok1/src/uts' returned '0': PYTHONPATH=/home/ubuntu/kelompok1/build/uts/prefix_override:/usr/lib/python3/dist-packages/colcon_core/task/python/colcon_distutils_commands:/home/ubuntu/kelompok1/install/uts/lib/python3.12/site-packages:${PYTHONPATH} /usr/bin/python3 -W ignore:setup.py install is deprecated -W ignore:easy_install command is deprecated setup.py egg_info --egg-base ../../build/uts build --build-base /home/ubuntu/kelompok1/build/uts/build install --record /home/ubuntu/kelompok1/build/uts/install.log --single-version-externally-managed install_data
