[0.776s] DEBUG:colcon:Command line arguments: ['/usr/bin/colcon', 'build']
[0.777s] DEBUG:colcon:Parsed command line arguments: Namespace(log_base=None, log_level=None, verb_name='build', build_base='build', install_base='install', merge_install=False, symlink_install=False, test_result_base=None, continue_on_error=False, executor='parallel', parallel_workers=4, event_handlers=None, ignore_user_meta=False, metas=['./colcon.meta'], base_paths=['.'], packages_ignore=None, packages_ignore_regex=None, paths=None, packages_up_to=None, packages_up_to_regex=None, packages_above=None, packages_above_and_dependencies=None, packages_above_depth=None, packages_select_by_dep=None, packages_skip_by_dep=None, packages_skip_up_to=None, packages_select_build_failed=False, packages_skip_build_finished=False, packages_select_test_failures=False, packages_skip_test_passed=False, packages_select=None, packages_skip=None, packages_select_regex=None, packages_skip_regex=None, packages_start=None, packages_end=None, cmake_args=None, cmake_target=None, cmake_target_skip_unavailable=False, cmake_clean_cache=False, cmake_clean_first=False, cmake_force_configure=False, ament_cmake_args=None, catkin_cmake_args=None, catkin_skip_building_tests=False, verb_parser=<colcon_defaults.argument_parser.defaults.DefaultArgumentsDecorator object at 0xffffa2221850>, verb_extension=<colcon_core.verb.build.BuildVerb object at 0xffffa2493770>, main=<bound method BuildVerb.main of <colcon_core.verb.build.BuildVerb object at 0xffffa2493770>>)
[1.050s] Level 1:colcon.colcon_core.package_discovery:discover_packages(colcon_meta) check parameters
[1.051s] Level 1:colcon.colcon_core.package_discovery:discover_packages(recursive) check parameters
[1.051s] Level 1:colcon.colcon_core.package_discovery:discover_packages(ignore) check parameters
[1.051s] Level 1:colcon.colcon_core.package_discovery:discover_packages(path) check parameters
[1.052s] Level 1:colcon.colcon_core.package_discovery:discover_packages(colcon_meta) discover
[1.052s] Level 1:colcon.colcon_core.package_discovery:discover_packages(recursive) discover
[1.052s] INFO:colcon.colcon_core.package_discovery:Crawling recursively for packages in '/home/ubuntu/kelompok1'
[1.053s] Level 1:colcon.colcon_core.package_identification:_identify(.) by extensions ['ignore', 'ignore_ament_install']
[1.054s] Level 1:colcon.colcon_core.package_identification:_identify(.) by extension 'ignore'
[1.055s] Level 1:colcon.colcon_core.package_identification:_identify(.) by extension 'ignore_ament_install'
[1.055s] Level 1:colcon.colcon_core.package_identification:_identify(.) by extensions ['colcon_pkg']
[1.056s] Level 1:colcon.colcon_core.package_identification:_identify(.) by extension 'colcon_pkg'
[1.056s] Level 1:colcon.colcon_core.package_identification:_identify(.) by extensions ['colcon_meta']
[1.057s] Level 1:colcon.colcon_core.package_identification:_identify(.) by extension 'colcon_meta'
[1.058s] Level 1:colcon.colcon_core.package_identification:_identify(.) by extensions ['ros']
[1.058s] Level 1:colcon.colcon_core.package_identification:_identify(.) by extension 'ros'
[1.216s] Level 1:colcon.colcon_core.package_identification:_identify(.) by extensions ['cmake', 'python']
[1.216s] Level 1:colcon.colcon_core.package_identification:_identify(.) by extension 'cmake'
[1.217s] Level 1:colcon.colcon_core.package_identification:_identify(.) by extension 'python'
[1.217s] Level 1:colcon.colcon_core.package_identification:_identify(.) by extensions ['python_setup_py']
[1.218s] Level 1:colcon.colcon_core.package_identification:_identify(.) by extension 'python_setup_py'
[1.218s] Level 1:colcon.colcon_core.package_identification:_identify(build) by extensions ['ignore', 'ignore_ament_install']
[1.219s] Level 1:colcon.colcon_core.package_identification:_identify(build) by extension 'ignore'
[1.219s] Level 1:colcon.colcon_core.package_identification:_identify(build) ignored
[1.220s] Level 1:colcon.colcon_core.package_identification:_identify(install) by extensions ['ignore', 'ignore_ament_install']
[1.220s] Level 1:colcon.colcon_core.package_identification:_identify(install) by extension 'ignore'
[1.221s] Level 1:colcon.colcon_core.package_identification:_identify(install) ignored
[1.222s] Level 1:colcon.colcon_core.package_identification:_identify(log) by extensions ['ignore', 'ignore_ament_install']
[1.222s] Level 1:colcon.colcon_core.package_identification:_identify(log) by extension 'ignore'
[1.223s] Level 1:colcon.colcon_core.package_identification:_identify(log) ignored
[1.224s] Level 1:colcon.colcon_core.package_identification:_identify(src) by extensions ['ignore', 'ignore_ament_install']
[1.225s] Level 1:colcon.colcon_core.package_identification:_identify(src) by extension 'ignore'
[1.226s] Level 1:colcon.colcon_core.package_identification:_identify(src) by extension 'ignore_ament_install'
[1.227s] Level 1:colcon.colcon_core.package_identification:_identify(src) by extensions ['colcon_pkg']
[1.227s] Level 1:colcon.colcon_core.package_identification:_identify(src) by extension 'colcon_pkg'
[1.228s] Level 1:colcon.colcon_core.package_identification:_identify(src) by extensions ['colcon_meta']
[1.229s] Level 1:colcon.colcon_core.package_identification:_identify(src) by extension 'colcon_meta'
[1.229s] Level 1:colcon.colcon_core.package_identification:_identify(src) by extensions ['ros']
[1.229s] Level 1:colcon.colcon_core.package_identification:_identify(src) by extension 'ros'
[1.230s] Level 1:colcon.colcon_core.package_identification:_identify(src) by extensions ['cmake', 'python']
[1.231s] Level 1:colcon.colcon_core.package_identification:_identify(src) by extension 'cmake'
[1.231s] Level 1:colcon.colcon_core.package_identification:_identify(src) by extension 'python'
[1.232s] Level 1:colcon.colcon_core.package_identification:_identify(src) by extensions ['python_setup_py']
[1.232s] Level 1:colcon.colcon_core.package_identification:_identify(src) by extension 'python_setup_py'
[1.233s] Level 1:colcon.colcon_core.package_identification:_identify(src/delivery_notifier) by extensions ['ignore', 'ignore_ament_install']
[1.234s] Level 1:colcon.colcon_core.package_identification:_identify(src/delivery_notifier) by extension 'ignore'
[1.234s] Level 1:colcon.colcon_core.package_identification:_identify(src/delivery_notifier) by extension 'ignore_ament_install'
[1.235s] Level 1:colcon.colcon_core.package_identification:_identify(src/delivery_notifier) by extensions ['colcon_pkg']
[1.235s] Level 1:colcon.colcon_core.package_identification:_identify(src/delivery_notifier) by extension 'colcon_pkg'
[1.236s] Level 1:colcon.colcon_core.package_identification:_identify(src/delivery_notifier) by extensions ['colcon_meta']
[1.236s] Level 1:colcon.colcon_core.package_identification:_identify(src/delivery_notifier) by extension 'colcon_meta'
[1.237s] Level 1:colcon.colcon_core.package_identification:_identify(src/delivery_notifier) by extensions ['ros']
[1.237s] Level 1:colcon.colcon_core.package_identification:_identify(src/delivery_notifier) by extension 'ros'
[1.249s] DEBUG:colcon.colcon_core.package_identification:Package 'src/delivery_notifier' with type 'ros.ament_python' and name 'delivery_notifier'
[1.250s] Level 1:colcon.colcon_core.package_identification:_identify(src/uts) by extensions ['ignore', 'ignore_ament_install']
[1.250s] Level 1:colcon.colcon_core.package_identification:_identify(src/uts) by extension 'ignore'
[1.250s] Level 1:colcon.colcon_core.package_identification:_identify(src/uts) by extension 'ignore_ament_install'
[1.251s] Level 1:colcon.colcon_core.package_identification:_identify(src/uts) by extensions ['colcon_pkg']
[1.251s] Level 1:colcon.colcon_core.package_identification:_identify(src/uts) by extension 'colcon_pkg'
[1.251s] Level 1:colcon.colcon_core.package_identification:_identify(src/uts) by extensions ['colcon_meta']
[1.252s] Level 1:colcon.colcon_core.package_identification:_identify(src/uts) by extension 'colcon_meta'
[1.252s] Level 1:colcon.colcon_core.package_identification:_identify(src/uts) by extensions ['ros']
[1.252s] Level 1:colcon.colcon_core.package_identification:_identify(src/uts) by extension 'ros'
[1.256s] DEBUG:colcon.colcon_core.package_identification:Package 'src/uts' with type 'ros.ament_python' and name 'uts'
[1.257s] Level 1:colcon.colcon_core.package_discovery:discover_packages(recursive) using defaults
[1.258s] Level 1:colcon.colcon_core.package_discovery:discover_packages(ignore) discover
[1.259s] Level 1:colcon.colcon_core.package_discovery:discover_packages(ignore) using defaults
[1.259s] Level 1:colcon.colcon_core.package_discovery:discover_packages(path) discover
[1.259s] Level 1:colcon.colcon_core.package_discovery:discover_packages(path) using defaults
[1.370s] Level 5:colcon.colcon_core.verb:set package 'delivery_notifier' build argument 'cmake_args' from command line to 'None'
[1.370s] Level 5:colcon.colcon_core.verb:set package 'delivery_notifier' build argument 'cmake_target' from command line to 'None'
[1.370s] Level 5:colcon.colcon_core.verb:set package 'delivery_notifier' build argument 'cmake_target_skip_unavailable' from command line to 'False'
[1.371s] Level 5:colcon.colcon_core.verb:set package 'delivery_notifier' build argument 'cmake_clean_cache' from command line to 'False'
[1.371s] Level 5:colcon.colcon_core.verb:set package 'delivery_notifier' build argument 'cmake_clean_first' from command line to 'False'
[1.371s] Level 5:colcon.colcon_core.verb:set package 'delivery_notifier' build argument 'cmake_force_configure' from command line to 'False'
[1.371s] Level 5:colcon.colcon_core.verb:set package 'delivery_notifier' build argument 'ament_cmake_args' from command line to 'None'
[1.372s] Level 5:colcon.colcon_core.verb:set package 'delivery_notifier' build argument 'catkin_cmake_args' from command line to 'None'
[1.372s] Level 5:colcon.colcon_core.verb:set package 'delivery_notifier' build argument 'catkin_skip_building_tests' from command line to 'False'
[1.372s] DEBUG:colcon.colcon_core.verb:Building package 'delivery_notifier' with the following arguments: {'ament_cmake_args': None, 'build_base': '/home/ubuntu/kelompok1/build/delivery_notifier', 'catkin_cmake_args': None, 'catkin_skip_building_tests': False, 'cmake_args': None, 'cmake_clean_cache': False, 'cmake_clean_first': False, 'cmake_force_configure': False, 'cmake_target': None, 'cmake_target_skip_unavailable': False, 'install_base': '/home/ubuntu/kelompok1/install/delivery_notifier', 'merge_install': False, 'path': '/home/ubuntu/kelompok1/src/delivery_notifier', 'symlink_install': False, 'test_result_base': None}
[1.374s] Level 5:colcon.colcon_core.verb:set package 'uts' build argument 'cmake_args' from command line to 'None'
[1.374s] Level 5:colcon.colcon_core.verb:set package 'uts' build argument 'cmake_target' from command line to 'None'
[1.375s] Level 5:colcon.colcon_core.verb:set package 'uts' build argument 'cmake_target_skip_unavailable' from command line to 'False'
[1.375s] Level 5:colcon.colcon_core.verb:set package 'uts' build argument 'cmake_clean_cache' from command line to 'False'
[1.375s] Level 5:colcon.colcon_core.verb:set package 'uts' build argument 'cmake_clean_first' from command line to 'False'
[1.376s] Level 5:colcon.colcon_core.verb:set package 'uts' build argument 'cmake_force_configure' from command line to 'False'
[1.376s] Level 5:colcon.colcon_core.verb:set package 'uts' build argument 'ament_cmake_args' from command line to 'None'
[1.376s] Level 5:colcon.colcon_core.verb:set package 'uts' build argument 'catkin_cmake_args' from command line to 'None'
[1.376s] Level 5:colcon.colcon_core.verb:set package 'uts' build argument 'catkin_skip_building_tests' from command line to 'False'
[1.377s] DEBUG:colcon.colcon_core.verb:Building package 'uts' with the following arguments: {'ament_cmake_args': None, 'build_base': '/home/ubuntu/kelompok1/build/uts', 'catkin_cmake_args': None, 'catkin_skip_building_tests': False, 'cmake_args': None, 'cmake_clean_cache': False, 'cmake_clean_first': False, 'cmake_force_configure': False, 'cmake_target': None, 'cmake_target_skip_unavailable': False, 'install_base': '/home/ubuntu/kelompok1/install/uts', 'merge_install': False, 'path': '/home/ubuntu/kelompok1/src/uts', 'symlink_install': False, 'test_result_base': None}
[1.377s] INFO:colcon.colcon_core.executor:Executing jobs using 'parallel' executor
[1.383s] DEBUG:colcon.colcon_parallel_executor.executor.parallel:run_until_complete
[1.384s] INFO:colcon.colcon_ros.task.ament_python.build:Building ROS package in '/home/ubuntu/kelompok1/src/delivery_notifier' with build type 'ament_python'
[1.385s] Level 1:colcon.colcon_core.shell:create_environment_hook('delivery_notifier', 'ament_prefix_path')
[1.398s] INFO:colcon.colcon_core.plugin_system:Skipping extension 'colcon_core.shell.bat': Not used on non-Windows systems
[1.399s] INFO:colcon.colcon_core.shell:Creating environment descriptor '/home/ubuntu/kelompok1/install/delivery_notifier/share/delivery_notifier/hook/ament_prefix_path.dsv'
[1.401s] INFO:colcon.colcon_core.shell:Creating environment hook '/home/ubuntu/kelompok1/install/delivery_notifier/share/delivery_notifier/hook/ament_prefix_path.sh'
[1.406s] DEBUG:colcon.colcon_core.shell:Skip shell extension 'dsv' for command environment
[1.447s] INFO:colcon.colcon_ros.task.ament_python.build:Building ROS package in '/home/ubuntu/kelompok1/src/uts' with build type 'ament_python'
[1.448s] Level 1:colcon.colcon_core.shell:create_environment_hook('uts', 'ament_prefix_path')
[1.450s] INFO:colcon.colcon_core.shell:Creating environment descriptor '/home/ubuntu/kelompok1/install/uts/share/uts/hook/ament_prefix_path.dsv'
[1.457s] INFO:colcon.colcon_core.shell:Creating environment hook '/home/ubuntu/kelompok1/install/uts/share/uts/hook/ament_prefix_path.sh'
[1.465s] DEBUG:colcon.colcon_core.shell:Skip shell extension 'dsv' for command environment
[2.968s] INFO:colcon.colcon_core.task.python.build:Building Python package in '/home/ubuntu/kelompok1/src/delivery_notifier'
[2.969s] DEBUG:colcon.colcon_core.shell:Skip shell extension 'dsv' for command environment
[4.486s] INFO:colcon.colcon_core.task.python.build:Building Python package in '/home/ubuntu/kelompok1/src/uts'
[4.487s] DEBUG:colcon.colcon_core.shell:Skip shell extension 'dsv' for command environment
[10.665s] DEBUG:colcon.colcon_core.event_handler.log_command:Invoking command in '/home/ubuntu/kelompok1/src/delivery_notifier': PYTHONPATH=/home/ubuntu/kelompok1/build/delivery_notifier/prefix_override:/usr/lib/python3/dist-packages/colcon_core/task/python/colcon_distutils_commands:/home/ubuntu/kelompok1/install/delivery_notifier/lib/python3.12/site-packages:${PYTHONPATH} /usr/bin/python3 -W ignore:setup.py install is deprecated -W ignore:easy_install command is deprecated setup.py egg_info --egg-base ../../build/delivery_notifier build --build-base /home/ubuntu/kelompok1/build/delivery_notifier/build install --record /home/ubuntu/kelompok1/build/delivery_notifier/install.log --single-version-externally-managed install_data
[11.359s] DEBUG:colcon.colcon_core.event_handler.log_command:Invoking command in '/home/ubuntu/kelompok1/src/uts': PYTHONPATH=/home/ubuntu/kelompok1/build/uts/prefix_override:/usr/lib/python3/dist-packages/colcon_core/task/python/colcon_distutils_commands:/home/ubuntu/kelompok1/install/uts/lib/python3.12/site-packages:${PYTHONPATH} /usr/bin/python3 -W ignore:setup.py install is deprecated -W ignore:easy_install command is deprecated setup.py egg_info --egg-base ../../build/uts build --build-base /home/ubuntu/kelompok1/build/uts/build install --record /home/ubuntu/kelompok1/build/uts/install.log --single-version-externally-managed install_data
[17.356s] DEBUG:colcon.colcon_core.event_handler.log_command:Invoked command in '/home/ubuntu/kelompok1/src/delivery_notifier' returned '0': PYTHONPATH=/home/ubuntu/kelompok1/build/delivery_notifier/prefix_override:/usr/lib/python3/dist-packages/colcon_core/task/python/colcon_distutils_commands:/home/ubuntu/kelompok1/install/delivery_notifier/lib/python3.12/site-packages:${PYTHONPATH} /usr/bin/python3 -W ignore:setup.py install is deprecated -W ignore:easy_install command is deprecated setup.py egg_info --egg-base ../../build/delivery_notifier build --build-base /home/ubuntu/kelompok1/build/delivery_notifier/build install --record /home/ubuntu/kelompok1/build/delivery_notifier/install.log --single-version-externally-managed install_data
[17.385s] Level 1:colcon.colcon_core.environment:checking '/home/ubuntu/kelompok1/install/delivery_notifier' for CMake module files
[17.389s] Level 1:colcon.colcon_core.environment:checking '/home/ubuntu/kelompok1/install/delivery_notifier' for CMake config files
[17.396s] Level 1:colcon.colcon_core.environment:checking '/home/ubuntu/kelompok1/install/delivery_notifier/lib'
[17.398s] Level 1:colcon.colcon_core.environment:checking '/home/ubuntu/kelompok1/install/delivery_notifier/bin'
[17.399s] Level 1:colcon.colcon_core.environment:checking '/home/ubuntu/kelompok1/install/delivery_notifier/lib/pkgconfig/delivery_notifier.pc'
[17.400s] Level 1:colcon.colcon_core.environment:checking '/home/ubuntu/kelompok1/install/delivery_notifier/lib/python3.12/site-packages'
[17.401s] Level 1:colcon.colcon_core.shell:create_environment_hook('delivery_notifier', 'pythonpath')
[17.402s] INFO:colcon.colcon_core.shell:Creating environment descriptor '/home/ubuntu/kelompok1/install/delivery_notifier/share/delivery_notifier/hook/pythonpath.dsv'
[17.405s] INFO:colcon.colcon_core.shell:Creating environment hook '/home/ubuntu/kelompok1/install/delivery_notifier/share/delivery_notifier/hook/pythonpath.sh'
[17.412s] Level 1:colcon.colcon_core.environment:checking '/home/ubuntu/kelompok1/install/delivery_notifier/bin'
[17.412s] Level 1:colcon.colcon_core.environment:create_environment_scripts_only(delivery_notifier)
[17.413s] INFO:colcon.colcon_core.shell:Creating package descriptor '/home/ubuntu/kelompok1/install/delivery_notifier/share/delivery_notifier/package.dsv'
[17.419s] INFO:colcon.colcon_core.shell:Creating package script '/home/ubuntu/kelompok1/install/delivery_notifier/share/delivery_notifier/package.sh'
[17.431s] INFO:colcon.colcon_core.shell:Creating package script '/home/ubuntu/kelompok1/install/delivery_notifier/share/delivery_notifier/package.bash'
[17.444s] INFO:colcon.colcon_core.shell:Creating package script '/home/ubuntu/kelompok1/install/delivery_notifier/share/delivery_notifier/package.zsh'
[17.458s] Level 1:colcon.colcon_core.environment:create_file_with_runtime_dependencies(/home/ubuntu/kelompok1/install/delivery_notifier/share/colcon-core/packages/delivery_notifier)
[17.829s] Level 1:colcon.colcon_core.environment:checking '/home/ubuntu/kelompok1/install/uts' for CMake module files
[17.833s] DEBUG:colcon.colcon_core.event_handler.log_command:Invoked command in '/home/ubuntu/kelompok1/src/uts' returned '0': PYTHONPATH=/home/ubuntu/kelompok1/build/uts/prefix_override:/usr/lib/python3/dist-packages/colcon_core/task/python/colcon_distutils_commands:/home/ubuntu/kelompok1/install/uts/lib/python3.12/site-packages:${PYTHONPATH} /usr/bin/python3 -W ignore:setup.py install is deprecated -W ignore:easy_install command is deprecated setup.py egg_info --egg-base ../../build/uts build --build-base /home/ubuntu/kelompok1/build/uts/build install --record /home/ubuntu/kelompok1/build/uts/install.log --single-version-externally-managed install_data
[17.837s] Level 1:colcon.colcon_core.environment:checking '/home/ubuntu/kelompok1/install/uts' for CMake config files
[17.840s] Level 1:colcon.colcon_core.environment:checking '/home/ubuntu/kelompok1/install/uts/lib'
[17.841s] Level 1:colcon.colcon_core.environment:checking '/home/ubuntu/kelompok1/install/uts/bin'
[17.841s] Level 1:colcon.colcon_core.environment:checking '/home/ubuntu/kelompok1/install/uts/lib/pkgconfig/uts.pc'
[17.842s] Level 1:colcon.colcon_core.environment:checking '/home/ubuntu/kelompok1/install/uts/lib/python3.12/site-packages'
[17.843s] Level 1:colcon.colcon_core.shell:create_environment_hook('uts', 'pythonpath')
[17.843s] INFO:colcon.colcon_core.shell:Creating environment descriptor '/home/ubuntu/kelompok1/install/uts/share/uts/hook/pythonpath.dsv'
[17.847s] INFO:colcon.colcon_core.shell:Creating environment hook '/home/ubuntu/kelompok1/install/uts/share/uts/hook/pythonpath.sh'
[17.860s] Level 1:colcon.colcon_core.environment:checking '/home/ubuntu/kelompok1/install/uts/bin'
[17.861s] Level 1:colcon.colcon_core.environment:create_environment_scripts_only(uts)
[17.864s] INFO:colcon.colcon_core.shell:Creating package descriptor '/home/ubuntu/kelompok1/install/uts/share/uts/package.dsv'
[17.868s] INFO:colcon.colcon_core.shell:Creating package script '/home/ubuntu/kelompok1/install/uts/share/uts/package.sh'
[17.871s] INFO:colcon.colcon_core.shell:Creating package script '/home/ubuntu/kelompok1/install/uts/share/uts/package.bash'
[17.875s] INFO:colcon.colcon_core.shell:Creating package script '/home/ubuntu/kelompok1/install/uts/share/uts/package.zsh'
[17.879s] Level 1:colcon.colcon_core.environment:create_file_with_runtime_dependencies(/home/ubuntu/kelompok1/install/uts/share/colcon-core/packages/uts)
[17.881s] DEBUG:colcon.colcon_parallel_executor.executor.parallel:closing loop
[17.883s] DEBUG:colcon.colcon_parallel_executor.executor.parallel:loop closed
[17.883s] DEBUG:colcon.colcon_parallel_executor.executor.parallel:run_until_complete finished with '0'
[17.884s] DEBUG:colcon.colcon_core.event_reactor:joining thread
[17.924s] INFO:colcon.colcon_core.plugin_system:Skipping extension 'colcon_notification.desktop_notification.notify_send': Could not find 'notify-send'
[17.925s] INFO:colcon.colcon_core.plugin_system:Skipping extension 'colcon_notification.desktop_notification.terminal_notifier': Not used on non-Darwin systems
[17.925s] INFO:colcon.colcon_core.plugin_system:Skipping extension 'colcon_notification.desktop_notification.win32': Not used on non-Windows systems
[17.926s] INFO:colcon.colcon_notification.desktop_notification:Sending desktop notification using 'notify2'
[17.933s] DEBUG:colcon.colcon_notification.desktop_notification.notify2:Failed to initialize notify2: org.freedesktop.DBus.Error.ServiceUnknown: The name org.freedesktop.Notifications was not provided by any .service files
[17.934s] DEBUG:colcon.colcon_core.event_reactor:joined thread
[17.935s] INFO:colcon.colcon_core.shell:Creating prefix script '/home/ubuntu/kelompok1/install/local_setup.sh'
[17.938s] INFO:colcon.colcon_core.shell:Creating prefix util module '/home/ubuntu/kelompok1/install/_local_setup_util_sh.py'
[17.943s] INFO:colcon.colcon_core.shell:Creating prefix chain script '/home/ubuntu/kelompok1/install/setup.sh'
[17.951s] INFO:colcon.colcon_core.shell:Creating prefix script '/home/ubuntu/kelompok1/install/local_setup.bash'
[17.955s] INFO:colcon.colcon_core.shell:Creating prefix chain script '/home/ubuntu/kelompok1/install/setup.bash'
[17.966s] INFO:colcon.colcon_core.shell:Creating prefix script '/home/ubuntu/kelompok1/install/local_setup.zsh'
[17.969s] INFO:colcon.colcon_core.shell:Creating prefix chain script '/home/ubuntu/kelompok1/install/setup.zsh'
