[11.004s] Invoking command in '/home/ubuntu/kelompok1/src/uts': PYTHONPATH=/home/ubuntu/kelompok1/build/uts/prefix_override:/usr/lib/python3/dist-packages/colcon_core/task/python/colcon_distutils_commands:/home/ubuntu/kelompok1/install/uts/lib/python3.12/site-packages:${PYTHONPATH} /usr/bin/python3 -W ignore:setup.py install is deprecated -W ignore:easy_install command is deprecated setup.py egg_info --egg-base ../../build/uts build --build-base /home/ubuntu/kelompok1/build/uts/build install --record /home/ubuntu/kelompok1/build/uts/install.log --single-version-externally-managed install_data
[14.175s] running egg_info
[14.456s] writing ../../build/uts/uts.egg-info/PKG-INFO
[14.466s] writing dependency_links to ../../build/uts/uts.egg-info/dependency_links.txt
[14.468s] writing entry points to ../../build/uts/uts.egg-info/entry_points.txt
[14.473s] writing requirements to ../../build/uts/uts.egg-info/requires.txt
[14.474s] writing top-level names to ../../build/uts/uts.egg-info/top_level.txt
[14.990s] reading manifest file '../../build/uts/uts.egg-info/SOURCES.txt'
[15.000s] writing manifest file '../../build/uts/uts.egg-info/SOURCES.txt'
[15.001s] running build
[15.001s] running build_py
[15.005s] copying uts/uts.py -> /home/ubuntu/kelompok1/build/uts/build/lib/uts
[15.008s] running install
[15.053s] running install_lib
[15.276s] copying /home/ubuntu/kelompok1/build/uts/build/lib/uts/uts.py -> /home/ubuntu/kelompok1/install/uts/lib/python3.12/site-packages/uts
[15.280s] byte-compiling /home/ubuntu/kelompok1/install/uts/lib/python3.12/site-packages/uts/uts.py to uts.cpython-312.pyc
[15.284s] running install_data
[15.286s] running install_egg_info
[15.534s] removing '/home/ubuntu/kelompok1/install/uts/lib/python3.12/site-packages/uts-0.0.0-py3.12.egg-info' (and everything under it)
[15.539s] Copying ../../build/uts/uts.egg-info to /home/ubuntu/kelompok1/install/uts/lib/python3.12/site-packages/uts-0.0.0-py3.12.egg-info
[15.549s] running install_scripts
[17.346s] Installing uts script to /home/ubuntu/kelompok1/install/uts/lib/uts
[17.350s] writing list of installed files to '/home/ubuntu/kelompok1/build/uts/install.log'
[17.709s] Invoked command in '/home/ubuntu/kelompok1/src/uts' returned '0': PYTHONPATH=/home/ubuntu/kelompok1/build/uts/prefix_override:/usr/lib/python3/dist-packages/colcon_core/task/python/colcon_distutils_commands:/home/ubuntu/kelompok1/install/uts/lib/python3.12/site-packages:${PYTHONPATH} /usr/bin/python3 -W ignore:setup.py install is deprecated -W ignore:easy_install command is deprecated setup.py egg_info --egg-base ../../build/uts build --build-base /home/ubuntu/kelompok1/build/uts/build install --record /home/ubuntu/kelompok1/build/uts/install.log --single-version-externally-managed install_data
