running egg_info
writing ../../build/delivery_notifier/delivery_notifier.egg-info/PKG-INFO
writing dependency_links to ../../build/delivery_notifier/delivery_notifier.egg-info/dependency_links.txt
writing entry points to ../../build/delivery_notifier/delivery_notifier.egg-info/entry_points.txt
writing requirements to ../../build/delivery_notifier/delivery_notifier.egg-info/requires.txt
writing top-level names to ../../build/delivery_notifier/delivery_notifier.egg-info/top_level.txt
reading manifest file '../../build/delivery_notifier/delivery_notifier.egg-info/SOURCES.txt'
writing manifest file '../../build/delivery_notifier/delivery_notifier.egg-info/SOURCES.txt'
running build
running build_py
copying delivery_notifier/delivery_notifier.py -> /home/ubuntu/kelompok1/build/delivery_notifier/build/lib/delivery_notifier
running install
running install_lib
copying /home/ubuntu/kelompok1/build/delivery_notifier/build/lib/delivery_notifier/delivery_notifier.py -> /home/ubuntu/kelompok1/install/delivery_notifier/lib/python3.12/site-packages/delivery_notifier
byte-compiling /home/ubuntu/kelompok1/install/delivery_notifier/lib/python3.12/site-packages/delivery_notifier/delivery_notifier.py to delivery_notifier.cpython-312.pyc
running install_data
running install_egg_info
removing '/home/ubuntu/kelompok1/install/delivery_notifier/lib/python3.12/site-packages/delivery_notifier-0.0.0-py3.12.egg-info' (and everything under it)
Copying ../../build/delivery_notifier/delivery_notifier.egg-info to /home/ubuntu/kelompok1/install/delivery_notifier/lib/python3.12/site-packages/delivery_notifier-0.0.0-py3.12.egg-info
running install_scripts
Installing delivery_notifier script to /home/ubuntu/kelompok1/install/delivery_notifier/lib/delivery_notifier
writing list of installed files to '/home/ubuntu/kelompok1/build/delivery_notifier/install.log'
