[4.550s] Invoking command in '/home/ubuntu/kelompok1/src/delivery_notifier': PYTHONPATH=/home/ubuntu/kelompok1/build/delivery_notifier/prefix_override:/usr/lib/python3/dist-packages/colcon_core/task/python/colcon_distutils_commands:/home/ubuntu/kelompok1/install/delivery_notifier/lib/python3.12/site-packages:${PYTHONPATH} /usr/bin/python3 -W ignore:setup.py install is deprecated -W ignore:easy_install command is deprecated setup.py egg_info --egg-base ../../build/delivery_notifier build --build-base /home/ubuntu/kelompok1/build/delivery_notifier/build install --record /home/ubuntu/kelompok1/build/delivery_notifier/install.log --single-version-externally-managed install_data
[6.047s] running egg_info
[6.157s] writing ../../build/delivery_notifier/delivery_notifier.egg-info/PKG-INFO
[6.158s] writing dependency_links to ../../build/delivery_notifier/delivery_notifier.egg-info/dependency_links.txt
[6.161s] writing entry points to ../../build/delivery_notifier/delivery_notifier.egg-info/entry_points.txt
[6.162s] writing requirements to ../../build/delivery_notifier/delivery_notifier.egg-info/requires.txt
[6.163s] writing top-level names to ../../build/delivery_notifier/delivery_notifier.egg-info/top_level.txt
[6.417s] reading manifest file '../../build/delivery_notifier/delivery_notifier.egg-info/SOURCES.txt'
[6.421s] writing manifest file '../../build/delivery_notifier/delivery_notifier.egg-info/SOURCES.txt'
[6.423s] running build
[6.424s] running build_py
[6.427s] copying delivery_notifier/delivery_notifier.py -> /home/ubuntu/kelompok1/build/delivery_notifier/build/lib/delivery_notifier
[6.428s] running install
[6.458s] running install_lib
[6.587s] copying /home/ubuntu/kelompok1/build/delivery_notifier/build/lib/delivery_notifier/delivery_notifier.py -> /home/ubuntu/kelompok1/install/delivery_notifier/lib/python3.12/site-packages/delivery_notifier
[6.590s] byte-compiling /home/ubuntu/kelompok1/install/delivery_notifier/lib/python3.12/site-packages/delivery_notifier/delivery_notifier.py to delivery_notifier.cpython-312.pyc
[6.594s] running install_data
[6.595s] running install_egg_info
[6.722s] removing '/home/ubuntu/kelompok1/install/delivery_notifier/lib/python3.12/site-packages/delivery_notifier-0.0.0-py3.12.egg-info' (and everything under it)
[6.724s] Copying ../../build/delivery_notifier/delivery_notifier.egg-info to /home/ubuntu/kelompok1/install/delivery_notifier/lib/python3.12/site-packages/delivery_notifier-0.0.0-py3.12.egg-info
[6.733s] running install_scripts
[7.601s] Installing delivery_notifier script to /home/ubuntu/kelompok1/install/delivery_notifier/lib/delivery_notifier
[7.603s] writing list of installed files to '/home/ubuntu/kelompok1/build/delivery_notifier/install.log'
[7.787s] Invoked command in '/home/ubuntu/kelompok1/src/delivery_notifier' returned '0': PYTHONPATH=/home/ubuntu/kelompok1/build/delivery_notifier/prefix_override:/usr/lib/python3/dist-packages/colcon_core/task/python/colcon_distutils_commands:/home/ubuntu/kelompok1/install/delivery_notifier/lib/python3.12/site-packages:${PYTHONPATH} /usr/bin/python3 -W ignore:setup.py install is deprecated -W ignore:easy_install command is deprecated setup.py egg_info --egg-base ../../build/delivery_notifier build --build-base /home/ubuntu/kelompok1/build/delivery_notifier/build install --record /home/ubuntu/kelompok1/build/delivery_notifier/install.log --single-version-externally-managed install_data
