[0.722s] DEBUG:colcon:Command line arguments: ['/usr/bin/colcon', 'build']
[0.723s] DEBUG:colcon:Parsed command line arguments: Namespace(log_base=None, log_level=None, verb_name='build', build_base='build', install_base='install', merge_install=False, symlink_install=False, test_result_base=None, continue_on_error=False, executor='parallel', parallel_workers=4, event_handlers=None, ignore_user_meta=False, metas=['./colcon.meta'], base_paths=['.'], packages_ignore=None, packages_ignore_regex=None, paths=None, packages_up_to=None, packages_up_to_regex=None, packages_above=None, packages_above_and_dependencies=None, packages_above_depth=None, packages_select_by_dep=None, packages_skip_by_dep=None, packages_skip_up_to=None, packages_select_build_failed=False, packages_skip_build_finished=False, packages_select_test_failures=False, packages_skip_test_passed=False, packages_select=None, packages_skip=None, packages_select_regex=None, packages_skip_regex=None, packages_start=None, packages_end=None, cmake_args=None, cmake_target=None, cmake_target_skip_unavailable=False, cmake_clean_cache=False, cmake_clean_first=False, cmake_force_configure=False, ament_cmake_args=None, catkin_cmake_args=None, catkin_skip_building_tests=False, verb_parser=<colcon_defaults.argument_parser.defaults.DefaultArgumentsDecorator object at 0xffffa4add880>, verb_extension=<colcon_core.verb.build.BuildVerb object at 0xffffa4a5f6e0>, main=<bound method BuildVerb.main of <colcon_core.verb.build.BuildVerb object at 0xffffa4a5f6e0>>)
[0.966s] Level 1:colcon.colcon_core.package_discovery:discover_packages(colcon_meta) check parameters
[0.966s] Level 1:colcon.colcon_core.package_discovery:discover_packages(recursive) check parameters
[0.967s] Level 1:colcon.colcon_core.package_discovery:discover_packages(ignore) check parameters
[0.967s] Level 1:colcon.colcon_core.package_discovery:discover_packages(path) check parameters
[0.967s] Level 1:colcon.colcon_core.package_discovery:discover_packages(colcon_meta) discover
[0.968s] Level 1:colcon.colcon_core.package_discovery:discover_packages(recursive) discover
[0.968s] INFO:colcon.colcon_core.package_discovery:Crawling recursively for packages in '/home/ubuntu/kelompok1'
[0.969s] Level 1:colcon.colcon_core.package_identification:_identify(.) by extensions ['ignore', 'ignore_ament_install']
[0.969s] Level 1:colcon.colcon_core.package_identification:_identify(.) by extension 'ignore'
[0.970s] Level 1:colcon.colcon_core.package_identification:_identify(.) by extension 'ignore_ament_install'
[0.970s] Level 1:colcon.colcon_core.package_identification:_identify(.) by extensions ['colcon_pkg']
[0.971s] Level 1:colcon.colcon_core.package_identification:_identify(.) by extension 'colcon_pkg'
[0.971s] Level 1:colcon.colcon_core.package_identification:_identify(.) by extensions ['colcon_meta']
[0.972s] Level 1:colcon.colcon_core.package_identification:_identify(.) by extension 'colcon_meta'
[0.972s] Level 1:colcon.colcon_core.package_identification:_identify(.) by extensions ['ros']
[0.972s] Level 1:colcon.colcon_core.package_identification:_identify(.) by extension 'ros'
[1.112s] Level 1:colcon.colcon_core.package_identification:_identify(.) by extensions ['cmake', 'python']
[1.112s] Level 1:colcon.colcon_core.package_identification:_identify(.) by extension 'cmake'
[1.113s] Level 1:colcon.colcon_core.package_identification:_identify(.) by extension 'python'
[1.113s] Level 1:colcon.colcon_core.package_identification:_identify(.) by extensions ['python_setup_py']
[1.113s] Level 1:colcon.colcon_core.package_identification:_identify(.) by extension 'python_setup_py'
[1.113s] Level 1:colcon.colcon_core.package_identification:_identify(build) by extensions ['ignore', 'ignore_ament_install']
[1.114s] Level 1:colcon.colcon_core.package_identification:_identify(build) by extension 'ignore'
[1.114s] Level 1:colcon.colcon_core.package_identification:_identify(build) ignored
[1.115s] Level 1:colcon.colcon_core.package_identification:_identify(install) by extensions ['ignore', 'ignore_ament_install']
[1.116s] Level 1:colcon.colcon_core.package_identification:_identify(install) by extension 'ignore'
[1.116s] Level 1:colcon.colcon_core.package_identification:_identify(install) ignored
[1.117s] Level 1:colcon.colcon_core.package_identification:_identify(log) by extensions ['ignore', 'ignore_ament_install']
[1.117s] Level 1:colcon.colcon_core.package_identification:_identify(log) by extension 'ignore'
[1.118s] Level 1:colcon.colcon_core.package_identification:_identify(log) ignored
[1.118s] Level 1:colcon.colcon_core.package_identification:_identify(src) by extensions ['ignore', 'ignore_ament_install']
[1.118s] Level 1:colcon.colcon_core.package_identification:_identify(src) by extension 'ignore'
[1.119s] Level 1:colcon.colcon_core.package_identification:_identify(src) by extension 'ignore_ament_install'
[1.119s] Level 1:colcon.colcon_core.package_identification:_identify(src) by extensions ['colcon_pkg']
[1.120s] Level 1:colcon.colcon_core.package_identification:_identify(src) by extension 'colcon_pkg'
[1.120s] Level 1:colcon.colcon_core.package_identification:_identify(src) by extensions ['colcon_meta']
[1.121s] Level 1:colcon.colcon_core.package_identification:_identify(src) by extension 'colcon_meta'
[1.121s] Level 1:colcon.colcon_core.package_identification:_identify(src) by extensions ['ros']
[1.121s] Level 1:colcon.colcon_core.package_identification:_identify(src) by extension 'ros'
[1.122s] Level 1:colcon.colcon_core.package_identification:_identify(src) by extensions ['cmake', 'python']
[1.122s] Level 1:colcon.colcon_core.package_identification:_identify(src) by extension 'cmake'
[1.123s] Level 1:colcon.colcon_core.package_identification:_identify(src) by extension 'python'
[1.123s] Level 1:colcon.colcon_core.package_identification:_identify(src) by extensions ['python_setup_py']
[1.124s] Level 1:colcon.colcon_core.package_identification:_identify(src) by extension 'python_setup_py'
[1.125s] Level 1:colcon.colcon_core.package_identification:_identify(src/delivery_notifier) by extensions ['ignore', 'ignore_ament_install']
[1.125s] Level 1:colcon.colcon_core.package_identification:_identify(src/delivery_notifier) by extension 'ignore'
[1.126s] Level 1:colcon.colcon_core.package_identification:_identify(src/delivery_notifier) by extension 'ignore_ament_install'
[1.127s] Level 1:colcon.colcon_core.package_identification:_identify(src/delivery_notifier) by extensions ['colcon_pkg']
[1.127s] Level 1:colcon.colcon_core.package_identification:_identify(src/delivery_notifier) by extension 'colcon_pkg'
[1.128s] Level 1:colcon.colcon_core.package_identification:_identify(src/delivery_notifier) by extensions ['colcon_meta']
[1.128s] Level 1:colcon.colcon_core.package_identification:_identify(src/delivery_notifier) by extension 'colcon_meta'
[1.128s] Level 1:colcon.colcon_core.package_identification:_identify(src/delivery_notifier) by extensions ['ros']
[1.129s] Level 1:colcon.colcon_core.package_identification:_identify(src/delivery_notifier) by extension 'ros'
[1.143s] DEBUG:colcon.colcon_core.package_identification:Package 'src/delivery_notifier' with type 'ros.ament_python' and name 'delivery_notifier'
[1.144s] Level 1:colcon.colcon_core.package_identification:_identify(src/uts) by extensions ['ignore', 'ignore_ament_install']
[1.144s] Level 1:colcon.colcon_core.package_identification:_identify(src/uts) by extension 'ignore'
[1.145s] Level 1:colcon.colcon_core.package_identification:_identify(src/uts) by extension 'ignore_ament_install'
[1.146s] Level 1:colcon.colcon_core.package_identification:_identify(src/uts) by extensions ['colcon_pkg']
[1.146s] Level 1:colcon.colcon_core.package_identification:_identify(src/uts) by extension 'colcon_pkg'
[1.146s] Level 1:colcon.colcon_core.package_identification:_identify(src/uts) by extensions ['colcon_meta']
[1.147s] Level 1:colcon.colcon_core.package_identification:_identify(src/uts) by extension 'colcon_meta'
[1.147s] Level 1:colcon.colcon_core.package_identification:_identify(src/uts) by extensions ['ros']
[1.148s] Level 1:colcon.colcon_core.package_identification:_identify(src/uts) by extension 'ros'
[1.151s] DEBUG:colcon.colcon_core.package_identification:Package 'src/uts' with type 'ros.ament_python' and name 'uts'
[1.152s] Level 1:colcon.colcon_core.package_discovery:discover_packages(recursive) using defaults
[1.152s] Level 1:colcon.colcon_core.package_discovery:discover_packages(ignore) discover
[1.152s] Level 1:colcon.colcon_core.package_discovery:discover_packages(ignore) using defaults
[1.153s] Level 1:colcon.colcon_core.package_discovery:discover_packages(path) discover
[1.153s] Level 1:colcon.colcon_core.package_discovery:discover_packages(path) using defaults
[1.265s] Level 5:colcon.colcon_core.verb:set package 'delivery_notifier' build argument 'cmake_args' from command line to 'None'
[1.266s] Level 5:colcon.colcon_core.verb:set package 'delivery_notifier' build argument 'cmake_target' from command line to 'None'
[1.266s] Level 5:colcon.colcon_core.verb:set package 'delivery_notifier' build argument 'cmake_target_skip_unavailable' from command line to 'False'
[1.266s] Level 5:colcon.colcon_core.verb:set package 'delivery_notifier' build argument 'cmake_clean_cache' from command line to 'False'
[1.266s] Level 5:colcon.colcon_core.verb:set package 'delivery_notifier' build argument 'cmake_clean_first' from command line to 'False'
[1.266s] Level 5:colcon.colcon_core.verb:set package 'delivery_notifier' build argument 'cmake_force_configure' from command line to 'False'
[1.267s] Level 5:colcon.colcon_core.verb:set package 'delivery_notifier' build argument 'ament_cmake_args' from command line to 'None'
[1.267s] Level 5:colcon.colcon_core.verb:set package 'delivery_notifier' build argument 'catkin_cmake_args' from command line to 'None'
[1.267s] Level 5:colcon.colcon_core.verb:set package 'delivery_notifier' build argument 'catkin_skip_building_tests' from command line to 'False'
[1.267s] DEBUG:colcon.colcon_core.verb:Building package 'delivery_notifier' with the following arguments: {'ament_cmake_args': None, 'build_base': '/home/ubuntu/kelompok1/build/delivery_notifier', 'catkin_cmake_args': None, 'catkin_skip_building_tests': False, 'cmake_args': None, 'cmake_clean_cache': False, 'cmake_clean_first': False, 'cmake_force_configure': False, 'cmake_target': None, 'cmake_target_skip_unavailable': False, 'install_base': '/home/ubuntu/kelompok1/install/delivery_notifier', 'merge_install': False, 'path': '/home/ubuntu/kelompok1/src/delivery_notifier', 'symlink_install': False, 'test_result_base': None}
[1.269s] Level 5:colcon.colcon_core.verb:set package 'uts' build argument 'cmake_args' from command line to 'None'
[1.270s] Level 5:colcon.colcon_core.verb:set package 'uts' build argument 'cmake_target' from command line to 'None'
[1.270s] Level 5:colcon.colcon_core.verb:set package 'uts' build argument 'cmake_target_skip_unavailable' from command line to 'False'
[1.270s] Level 5:colcon.colcon_core.verb:set package 'uts' build argument 'cmake_clean_cache' from command line to 'False'
[1.270s] Level 5:colcon.colcon_core.verb:set package 'uts' build argument 'cmake_clean_first' from command line to 'False'
[1.270s] Level 5:colcon.colcon_core.verb:set package 'uts' build argument 'cmake_force_configure' from command line to 'False'
[1.271s] Level 5:colcon.colcon_core.verb:set package 'uts' build argument 'ament_cmake_args' from command line to 'None'
[1.271s] Level 5:colcon.colcon_core.verb:set package 'uts' build argument 'catkin_cmake_args' from command line to 'None'
[1.271s] Level 5:colcon.colcon_core.verb:set package 'uts' build argument 'catkin_skip_building_tests' from command line to 'False'
[1.271s] DEBUG:colcon.colcon_core.verb:Building package 'uts' with the following arguments: {'ament_cmake_args': None, 'build_base': '/home/ubuntu/kelompok1/build/uts', 'catkin_cmake_args': None, 'catkin_skip_building_tests': False, 'cmake_args': None, 'cmake_clean_cache': False, 'cmake_clean_first': False, 'cmake_force_configure': False, 'cmake_target': None, 'cmake_target_skip_unavailable': False, 'install_base': '/home/ubuntu/kelompok1/install/uts', 'merge_install': False, 'path': '/home/ubuntu/kelompok1/src/uts', 'symlink_install': False, 'test_result_base': None}
[1.272s] INFO:colcon.colcon_core.executor:Executing jobs using 'parallel' executor
[1.278s] DEBUG:colcon.colcon_parallel_executor.executor.parallel:run_until_complete
[1.279s] INFO:colcon.colcon_ros.task.ament_python.build:Building ROS package in '/home/ubuntu/kelompok1/src/delivery_notifier' with build type 'ament_python'
[1.279s] Level 1:colcon.colcon_core.shell:create_environment_hook('delivery_notifier', 'ament_prefix_path')
[1.295s] INFO:colcon.colcon_core.plugin_system:Skipping extension 'colcon_core.shell.bat': Not used on non-Windows systems
[1.295s] INFO:colcon.colcon_core.shell:Creating environment descriptor '/home/ubuntu/kelompok1/install/delivery_notifier/share/delivery_notifier/hook/ament_prefix_path.dsv'
[1.298s] INFO:colcon.colcon_core.shell:Creating environment hook '/home/ubuntu/kelompok1/install/delivery_notifier/share/delivery_notifier/hook/ament_prefix_path.sh'
[1.306s] DEBUG:colcon.colcon_core.shell:Skip shell extension 'dsv' for command environment
[1.340s] INFO:colcon.colcon_ros.task.ament_python.build:Building ROS package in '/home/ubuntu/kelompok1/src/uts' with build type 'ament_python'
[1.340s] Level 1:colcon.colcon_core.shell:create_environment_hook('uts', 'ament_prefix_path')
[1.347s] INFO:colcon.colcon_core.shell:Creating environment descriptor '/home/ubuntu/kelompok1/install/uts/share/uts/hook/ament_prefix_path.dsv'
[1.351s] INFO:colcon.colcon_core.shell:Creating environment hook '/home/ubuntu/kelompok1/install/uts/share/uts/hook/ament_prefix_path.sh'
[1.355s] DEBUG:colcon.colcon_core.shell:Skip shell extension 'dsv' for command environment
[3.020s] INFO:colcon.colcon_core.task.python.build:Building Python package in '/home/ubuntu/kelompok1/src/delivery_notifier'
[3.021s] DEBUG:colcon.colcon_core.shell:Skip shell extension 'dsv' for command environment
[4.584s] INFO:colcon.colcon_core.task.python.build:Building Python package in '/home/ubuntu/kelompok1/src/uts'
[4.585s] DEBUG:colcon.colcon_core.shell:Skip shell extension 'dsv' for command environment
[11.344s] DEBUG:colcon.colcon_core.event_handler.log_command:Invoking command in '/home/ubuntu/kelompok1/src/uts': PYTHONPATH=/home/ubuntu/kelompok1/build/uts/prefix_override:/usr/lib/python3/dist-packages/colcon_core/task/python/colcon_distutils_commands:/home/ubuntu/kelompok1/install/uts/lib/python3.12/site-packages:${PYTHONPATH} /usr/bin/python3 -W ignore:setup.py install is deprecated -W ignore:easy_install command is deprecated setup.py egg_info --egg-base ../../build/uts build --build-base /home/ubuntu/kelompok1/build/uts/build install --record /home/ubuntu/kelompok1/build/uts/install.log --single-version-externally-managed install_data
[11.495s] DEBUG:colcon.colcon_core.event_handler.log_command:Invoking command in '/home/ubuntu/kelompok1/src/delivery_notifier': PYTHONPATH=/home/ubuntu/kelompok1/build/delivery_notifier/prefix_override:/usr/lib/python3/dist-packages/colcon_core/task/python/colcon_distutils_commands:/home/ubuntu/kelompok1/install/delivery_notifier/lib/python3.12/site-packages:${PYTHONPATH} /usr/bin/python3 -W ignore:setup.py install is deprecated -W ignore:easy_install command is deprecated setup.py egg_info --egg-base ../../build/delivery_notifier build --build-base /home/ubuntu/kelompok1/build/delivery_notifier/build install --record /home/ubuntu/kelompok1/build/delivery_notifier/install.log --single-version-externally-managed install_data
[17.917s] DEBUG:colcon.colcon_core.event_handler.log_command:Invoked command in '/home/ubuntu/kelompok1/src/delivery_notifier' returned '0': PYTHONPATH=/home/ubuntu/kelompok1/build/delivery_notifier/prefix_override:/usr/lib/python3/dist-packages/colcon_core/task/python/colcon_distutils_commands:/home/ubuntu/kelompok1/install/delivery_notifier/lib/python3.12/site-packages:${PYTHONPATH} /usr/bin/python3 -W ignore:setup.py install is deprecated -W ignore:easy_install command is deprecated setup.py egg_info --egg-base ../../build/delivery_notifier build --build-base /home/ubuntu/kelompok1/build/delivery_notifier/build install --record /home/ubuntu/kelompok1/build/delivery_notifier/install.log --single-version-externally-managed install_data
[17.959s] Level 1:colcon.colcon_core.environment:checking '/home/ubuntu/kelompok1/install/delivery_notifier' for CMake module files
[17.963s] Level 1:colcon.colcon_core.environment:checking '/home/ubuntu/kelompok1/install/delivery_notifier' for CMake config files
[17.972s] Level 1:colcon.colcon_core.environment:checking '/home/ubuntu/kelompok1/install/delivery_notifier/lib'
[17.973s] Level 1:colcon.colcon_core.environment:checking '/home/ubuntu/kelompok1/install/delivery_notifier/bin'
[17.975s] Level 1:colcon.colcon_core.environment:checking '/home/ubuntu/kelompok1/install/delivery_notifier/lib/pkgconfig/delivery_notifier.pc'
[17.978s] Level 1:colcon.colcon_core.environment:checking '/home/ubuntu/kelompok1/install/delivery_notifier/lib/python3.12/site-packages'
[17.980s] Level 1:colcon.colcon_core.shell:create_environment_hook('delivery_notifier', 'pythonpath')
[17.980s] INFO:colcon.colcon_core.shell:Creating environment descriptor '/home/ubuntu/kelompok1/install/delivery_notifier/share/delivery_notifier/hook/pythonpath.dsv'
[17.984s] INFO:colcon.colcon_core.shell:Creating environment hook '/home/ubuntu/kelompok1/install/delivery_notifier/share/delivery_notifier/hook/pythonpath.sh'
[17.988s] Level 1:colcon.colcon_core.environment:checking '/home/ubuntu/kelompok1/install/delivery_notifier/bin'
[17.988s] Level 1:colcon.colcon_core.environment:create_environment_scripts_only(delivery_notifier)
[17.989s] INFO:colcon.colcon_core.shell:Creating package descriptor '/home/ubuntu/kelompok1/install/delivery_notifier/share/delivery_notifier/package.dsv'
[17.993s] INFO:colcon.colcon_core.shell:Creating package script '/home/ubuntu/kelompok1/install/delivery_notifier/share/delivery_notifier/package.sh'
[17.997s] INFO:colcon.colcon_core.shell:Creating package script '/home/ubuntu/kelompok1/install/delivery_notifier/share/delivery_notifier/package.bash'
[18.001s] INFO:colcon.colcon_core.shell:Creating package script '/home/ubuntu/kelompok1/install/delivery_notifier/share/delivery_notifier/package.zsh'
[18.005s] Level 1:colcon.colcon_core.environment:create_file_with_runtime_dependencies(/home/ubuntu/kelompok1/install/delivery_notifier/share/colcon-core/packages/delivery_notifier)
[18.013s] Level 1:colcon.colcon_core.environment:checking '/home/ubuntu/kelompok1/install/uts' for CMake module files
[18.014s] DEBUG:colcon.colcon_core.event_handler.log_command:Invoked command in '/home/ubuntu/kelompok1/src/uts' returned '0': PYTHONPATH=/home/ubuntu/kelompok1/build/uts/prefix_override:/usr/lib/python3/dist-packages/colcon_core/task/python/colcon_distutils_commands:/home/ubuntu/kelompok1/install/uts/lib/python3.12/site-packages:${PYTHONPATH} /usr/bin/python3 -W ignore:setup.py install is deprecated -W ignore:easy_install command is deprecated setup.py egg_info --egg-base ../../build/uts build --build-base /home/ubuntu/kelompok1/build/uts/build install --record /home/ubuntu/kelompok1/build/uts/install.log --single-version-externally-managed install_data
[18.017s] Level 1:colcon.colcon_core.environment:checking '/home/ubuntu/kelompok1/install/uts' for CMake config files
[18.026s] Level 1:colcon.colcon_core.environment:checking '/home/ubuntu/kelompok1/install/uts/lib'
[18.028s] Level 1:colcon.colcon_core.environment:checking '/home/ubuntu/kelompok1/install/uts/bin'
[18.028s] Level 1:colcon.colcon_core.environment:checking '/home/ubuntu/kelompok1/install/uts/lib/pkgconfig/uts.pc'
[18.031s] Level 1:colcon.colcon_core.environment:checking '/home/ubuntu/kelompok1/install/uts/lib/python3.12/site-packages'
[18.031s] Level 1:colcon.colcon_core.shell:create_environment_hook('uts', 'pythonpath')
[18.032s] INFO:colcon.colcon_core.shell:Creating environment descriptor '/home/ubuntu/kelompok1/install/uts/share/uts/hook/pythonpath.dsv'
[18.035s] INFO:colcon.colcon_core.shell:Creating environment hook '/home/ubuntu/kelompok1/install/uts/share/uts/hook/pythonpath.sh'
[18.040s] Level 1:colcon.colcon_core.environment:checking '/home/ubuntu/kelompok1/install/uts/bin'
[18.040s] Level 1:colcon.colcon_core.environment:create_environment_scripts_only(uts)
[18.041s] INFO:colcon.colcon_core.shell:Creating package descriptor '/home/ubuntu/kelompok1/install/uts/share/uts/package.dsv'
[18.045s] INFO:colcon.colcon_core.shell:Creating package script '/home/ubuntu/kelompok1/install/uts/share/uts/package.sh'
[18.049s] INFO:colcon.colcon_core.shell:Creating package script '/home/ubuntu/kelompok1/install/uts/share/uts/package.bash'
[18.052s] INFO:colcon.colcon_core.shell:Creating package script '/home/ubuntu/kelompok1/install/uts/share/uts/package.zsh'
[18.056s] Level 1:colcon.colcon_core.environment:create_file_with_runtime_dependencies(/home/ubuntu/kelompok1/install/uts/share/colcon-core/packages/uts)
[18.058s] DEBUG:colcon.colcon_parallel_executor.executor.parallel:closing loop
[18.062s] DEBUG:colcon.colcon_parallel_executor.executor.parallel:loop closed
[18.062s] DEBUG:colcon.colcon_parallel_executor.executor.parallel:run_until_complete finished with '0'
[18.063s] DEBUG:colcon.colcon_core.event_reactor:joining thread
[18.107s] INFO:colcon.colcon_core.plugin_system:Skipping extension 'colcon_notification.desktop_notification.notify_send': Could not find 'notify-send'
[18.107s] INFO:colcon.colcon_core.plugin_system:Skipping extension 'colcon_notification.desktop_notification.terminal_notifier': Not used on non-Darwin systems
[18.108s] INFO:colcon.colcon_core.plugin_system:Skipping extension 'colcon_notification.desktop_notification.win32': Not used on non-Windows systems
[18.108s] INFO:colcon.colcon_notification.desktop_notification:Sending desktop notification using 'notify2'
[18.112s] DEBUG:colcon.colcon_notification.desktop_notification.notify2:Failed to initialize notify2: org.freedesktop.DBus.Error.ServiceUnknown: The name org.freedesktop.Notifications was not provided by any .service files
[18.112s] DEBUG:colcon.colcon_core.event_reactor:joined thread
[18.113s] INFO:colcon.colcon_core.shell:Creating prefix script '/home/ubuntu/kelompok1/install/local_setup.sh'
[18.116s] INFO:colcon.colcon_core.shell:Creating prefix util module '/home/ubuntu/kelompok1/install/_local_setup_util_sh.py'
[18.124s] INFO:colcon.colcon_core.shell:Creating prefix chain script '/home/ubuntu/kelompok1/install/setup.sh'
[18.132s] INFO:colcon.colcon_core.shell:Creating prefix script '/home/ubuntu/kelompok1/install/local_setup.bash'
[18.135s] INFO:colcon.colcon_core.shell:Creating prefix chain script '/home/ubuntu/kelompok1/install/setup.bash'
[18.141s] INFO:colcon.colcon_core.shell:Creating prefix script '/home/ubuntu/kelompok1/install/local_setup.zsh'
[18.145s] INFO:colcon.colcon_core.shell:Creating prefix chain script '/home/ubuntu/kelompok1/install/setup.zsh'
