[5.270s] Invoking command in '/home/ubuntu/kelompok1/src/uts': PYTHONPATH=/home/ubuntu/kelompok1/build/uts/prefix_override:/usr/lib/python3/dist-packages/colcon_core/task/python/colcon_distutils_commands:/home/ubuntu/kelompok1/install/uts/lib/python3.12/site-packages:${PYTHONPATH} /usr/bin/python3 -W ignore:setup.py install is deprecated -W ignore:easy_install command is deprecated setup.py egg_info --egg-base ../../build/uts build --build-base /home/ubuntu/kelompok1/build/uts/build install --record /home/ubuntu/kelompok1/build/uts/install.log --single-version-externally-managed install_data
[6.776s] running egg_info
[6.883s] writing ../../build/uts/uts.egg-info/PKG-INFO
[6.885s] writing dependency_links to ../../build/uts/uts.egg-info/dependency_links.txt
[6.890s] writing entry points to ../../build/uts/uts.egg-info/entry_points.txt
[6.891s] writing requirements to ../../build/uts/uts.egg-info/requires.txt
[6.891s] writing top-level names to ../../build/uts/uts.egg-info/top_level.txt
[7.114s] reading manifest file '../../build/uts/uts.egg-info/SOURCES.txt'
[7.117s] writing manifest file '../../build/uts/uts.egg-info/SOURCES.txt'
[7.118s] running build
[7.119s] running build_py
[7.120s] copying uts/uts.py -> /home/ubuntu/kelompok1/build/uts/build/lib/uts
[7.121s] running install
[7.149s] running install_lib
[7.255s] copying /home/ubuntu/kelompok1/build/uts/build/lib/uts/uts.py -> /home/ubuntu/kelompok1/install/uts/lib/python3.12/site-packages/uts
[7.258s] byte-compiling /home/ubuntu/kelompok1/install/uts/lib/python3.12/site-packages/uts/uts.py to uts.cpython-312.pyc
[7.264s] running install_data
[7.264s] running install_egg_info
[7.379s] removing '/home/ubuntu/kelompok1/install/uts/lib/python3.12/site-packages/uts-0.0.0-py3.12.egg-info' (and everything under it)
[7.381s] Copying ../../build/uts/uts.egg-info to /home/ubuntu/kelompok1/install/uts/lib/python3.12/site-packages/uts-0.0.0-py3.12.egg-info
[7.387s] running install_scripts
[8.166s] Installing uts script to /home/ubuntu/kelompok1/install/uts/lib/uts
[8.167s] writing list of installed files to '/home/ubuntu/kelompok1/build/uts/install.log'
[8.339s] Invoked command in '/home/ubuntu/kelompok1/src/uts' returned '0': PYTHONPATH=/home/ubuntu/kelompok1/build/uts/prefix_override:/usr/lib/python3/dist-packages/colcon_core/task/python/colcon_distutils_commands:/home/ubuntu/kelompok1/install/uts/lib/python3.12/site-packages:${PYTHONPATH} /usr/bin/python3 -W ignore:setup.py install is deprecated -W ignore:easy_install command is deprecated setup.py egg_info --egg-base ../../build/uts build --build-base /home/ubuntu/kelompok1/build/uts/build install --record /home/ubuntu/kelompok1/build/uts/install.log --single-version-externally-managed install_data
