[12.836s] Invoking command in '/home/ubuntu/kelompok1/src/uts': PYTHONPATH=/home/ubuntu/kelompok1/build/uts/prefix_override:/usr/lib/python3/dist-packages/colcon_core/task/python/colcon_distutils_commands:/home/ubuntu/kelompok1/install/uts/lib/python3.12/site-packages:${PYTHONPATH} /usr/bin/python3 -W ignore:setup.py install is deprecated -W ignore:easy_install command is deprecated setup.py egg_info --egg-base ../../build/uts build --build-base /home/ubuntu/kelompok1/build/uts/build install --record /home/ubuntu/kelompok1/build/uts/install.log --single-version-externally-managed install_data
[16.799s] running egg_info
[17.084s] writing ../../build/uts/uts.egg-info/PKG-INFO
[17.095s] writing dependency_links to ../../build/uts/uts.egg-info/dependency_links.txt
[17.102s] writing entry points to ../../build/uts/uts.egg-info/entry_points.txt
[17.103s] writing requirements to ../../build/uts/uts.egg-info/requires.txt
[17.103s] writing top-level names to ../../build/uts/uts.egg-info/top_level.txt
[17.779s] reading manifest file '../../build/uts/uts.egg-info/SOURCES.txt'
[17.787s] writing manifest file '../../build/uts/uts.egg-info/SOURCES.txt'
[17.793s] running build
[17.799s] running build_py
[17.800s] copying uts/uts.py -> /home/ubuntu/kelompok1/build/uts/build/lib/uts
[17.805s] running install
[17.849s] running install_lib
[18.165s] copying /home/ubuntu/kelompok1/build/uts/build/lib/uts/uts.py -> /home/ubuntu/kelompok1/install/uts/lib/python3.12/site-packages/uts
[18.169s] byte-compiling /home/ubuntu/kelompok1/install/uts/lib/python3.12/site-packages/uts/uts.py to uts.cpython-312.pyc
[18.180s] running install_data
[18.187s] running install_egg_info
[18.539s] removing '/home/ubuntu/kelompok1/install/uts/lib/python3.12/site-packages/uts-0.0.0-py3.12.egg-info' (and everything under it)
[18.545s] Copying ../../build/uts/uts.egg-info to /home/ubuntu/kelompok1/install/uts/lib/python3.12/site-packages/uts-0.0.0-py3.12.egg-info
[18.564s] running install_scripts
[20.986s] Installing uts script to /home/ubuntu/kelompok1/install/uts/lib/uts
[20.991s] writing list of installed files to '/home/ubuntu/kelompok1/build/uts/install.log'
[21.357s] Invoked command in '/home/ubuntu/kelompok1/src/uts' returned '0': PYTHONPATH=/home/ubuntu/kelompok1/build/uts/prefix_override:/usr/lib/python3/dist-packages/colcon_core/task/python/colcon_distutils_commands:/home/ubuntu/kelompok1/install/uts/lib/python3.12/site-packages:${PYTHONPATH} /usr/bin/python3 -W ignore:setup.py install is deprecated -W ignore:easy_install command is deprecated setup.py egg_info --egg-base ../../build/uts build --build-base /home/ubuntu/kelompok1/build/uts/build install --record /home/ubuntu/kelompok1/build/uts/install.log --single-version-externally-managed install_data
